{"total": {"lines":{"total":1982,"covered":1695,"skipped":0,"pct":85.51},"statements":{"total":2364,"covered":1971,"skipped":0,"pct":83.37},"functions":{"total":569,"covered":460,"skipped":0,"pct":80.84},"branches":{"total":2337,"covered":1700,"skipped":0,"pct":72.74},"branchesTrue":{"total":0,"covered":0,"skipped":0,"pct":100}}
,"/home/ec2-user/hq/workspace/worktrees/hq-sync/feedback-2129b0b6-dev6/package.json": {"lines":{"total":0,"covered":0,"skipped":0,"pct":100},"functions":{"total":0,"covered":0,"skipped":0,"pct":100},"statements":{"total":0,"covered":0,"skipped":0,"pct":100},"branches":{"total":0,"covered":0,"skipped":0,"pct":100}}
,"/home/ec2-user/hq/workspace/worktrees/hq-sync/feedback-2129b0b6-dev6/sidecar/recall-sdk-bridge/recording-tracker.mjs": {"lines":{"total":14,"covered":14,"skipped":0,"pct":100},"functions":{"total":7,"covered":7,"skipped":0,"pct":100},"statements":{"total":19,"covered":19,"skipped":0,"pct":100},"branches":{"total":18,"covered":17,"skipped":0,"pct":94.44}}
,"/home/ec2-user/hq/workspace/worktrees/hq-sync/feedback-2129b0b6-dev6/src/sentry-before-send.ts": {"lines":{"total":62,"covered":61,"skipped":0,"pct":98.38},"functions":{"total":9,"covered":9,"skipped":0,"pct":100},"statements":{"total":73,"covered":72,"skipped":0,"pct":98.63},"branches":{"total":57,"covered":54,"skipped":0,"pct":94.73}}
,"/home/ec2-user/hq/workspace/worktrees/hq-sync/feedback-2129b0b6-dev6/src/components/messaging/contact-order.ts": {"lines":{"total":95,"covered":91,"skipped":0,"pct":95.78},"functions":{"total":30,"covered":28,"skipped":0,"pct":93.33},"statements":{"total":110,"covered":99,"skipped":0,"pct":90},"branches":{"total":117,"covered":76,"skipped":0,"pct":64.95}}
,"/home/ec2-user/hq/workspace/worktrees/hq-sync/feedback-2129b0b6-dev6/src/desktop-alt/route.ts": {"lines":{"total":119,"covered":108,"skipped":0,"pct":90.75},"functions":{"total":24,"covered":24,"skipped":0,"pct":100},"statements":{"total":149,"covered":133,"skipped":0,"pct":89.26},"branches":{"total":142,"covered":122,"skipped":0,"pct":85.91}}
,"/home/ec2-user/hq/workspace/worktrees/hq-sync/feedback-2129b0b6-dev6/src/desktop-alt/assets/pack-covers/engineering.jpg": {"lines":{"total":0,"covered":0,"skipped":0,"pct":100},"functions":{"total":0,"covered":0,"skipped":0,"pct":100},"statements":{"total":0,"covered":0,"skipped":0,"pct":100},"branches":{"total":0,"covered":0,"skipped":0,"pct":100}}
,"/home/ec2-user/hq/workspace/worktrees/hq-sync/feedback-2129b0b6-dev6/src/desktop-alt/assets/pack-covers/gstack.jpg": {"lines":{"total":0,"covered":0,"skipped":0,"pct":100},"functions":{"total":0,"covered":0,"skipped":0,"pct":100},"statements":{"total":0,"covered":0,"skipped":0,"pct":100},"branches":{"total":0,"covered":0,"skipped":0,"pct":100}}
,"/home/ec2-user/hq/workspace/worktrees/hq-sync/feedback-2129b0b6-dev6/src/desktop-alt/assets/pack-covers/impeccable.jpg": {"lines":{"total":0,"covered":0,"skipped":0,"pct":100},"functions":{"total":0,"covered":0,"skipped":0,"pct":100},"statements":{"total":0,"covered":0,"skipped":0,"pct":100},"branches":{"total":0,"covered":0,"skipped":0,"pct":100}}
,"/home/ec2-user/hq/workspace/worktrees/hq-sync/feedback-2129b0b6-dev6/src/desktop-alt/assets/pack-covers/magicpath-agent-skills.jpg": {"lines":{"total":0,"covered":0,"skipped":0,"pct":100},"functions":{"total":0,"covered":0,"skipped":0,"pct":100},"statements":{"total":0,"covered":0,"skipped":0,"pct":100},"branches":{"total":0,"covered":0,"skipped":0,"pct":100}}
,"/home/ec2-user/hq/workspace/worktrees/hq-sync/feedback-2129b0b6-dev6/src/desktop-alt/assets/pack-covers/pocock-skills.jpg": {"lines":{"total":0,"covered":0,"skipped":0,"pct":100},"functions":{"total":0,"covered":0,"skipped":0,"pct":100},"statements":{"total":0,"covered":0,"skipped":0,"pct":100},"branches":{"total":0,"covered":0,"skipped":0,"pct":100}}
,"/home/ec2-user/hq/workspace/worktrees/hq-sync/feedback-2129b0b6-dev6/src/desktop-alt/lib/agency.ts": {"lines":{"total":27,"covered":27,"skipped":0,"pct":100},"functions":{"total":4,"covered":4,"skipped":0,"pct":100},"statements":{"total":42,"covered":41,"skipped":0,"pct":97.61},"branches":{"total":34,"covered":33,"skipped":0,"pct":97.05}}
,"/home/ec2-user/hq/workspace/worktrees/hq-sync/feedback-2129b0b6-dev6/src/desktop-alt/lib/company-store.svelte.ts": {"lines":{"total":56,"covered":11,"skipped":0,"pct":19.64},"functions":{"total":26,"covered":0,"skipped":0,"pct":0},"statements":{"total":57,"covered":11,"skipped":0,"pct":19.29},"branches":{"total":34,"covered":0,"skipped":0,"pct":0}}
,"/home/ec2-user/hq/workspace/worktrees/hq-sync/feedback-2129b0b6-dev6/src/desktop-alt/lib/company-summary.svelte.ts": {"lines":{"total":9,"covered":1,"skipped":0,"pct":11.11},"functions":{"total":5,"covered":1,"skipped":0,"pct":20},"statements":{"total":9,"covered":1,"skipped":0,"pct":11.11},"branches":{"total":0,"covered":0,"skipped":0,"pct":100}}
,"/home/ec2-user/hq/workspace/worktrees/hq-sync/feedback-2129b0b6-dev6/src/desktop-alt/lib/file-tree.ts": {"lines":{"total":20,"covered":20,"skipped":0,"pct":100},"functions":{"total":7,"covered":7,"skipped":0,"pct":100},"statements":{"total":21,"covered":21,"skipped":0,"pct":100},"branches":{"total":25,"covered":24,"skipped":0,"pct":96}}
,"/home/ec2-user/hq/workspace/worktrees/hq-sync/feedback-2129b0b6-dev6/src/desktop-alt/lib/library-refresh.ts": {"lines":{"total":7,"covered":7,"skipped":0,"pct":100},"functions":{"total":4,"covered":4,"skipped":0,"pct":100},"statements":{"total":8,"covered":8,"skipped":0,"pct":100},"branches":{"total":2,"covered":2,"skipped":0,"pct":100}}
,"/home/ec2-user/hq/workspace/worktrees/hq-sync/feedback-2129b0b6-dev6/src/desktop-alt/lib/library.ts": {"lines":{"total":34,"covered":24,"skipped":0,"pct":70.58},"functions":{"total":17,"covered":11,"skipped":0,"pct":64.7},"statements":{"total":45,"covered":35,"skipped":0,"pct":77.77},"branches":{"total":74,"covered":34,"skipped":0,"pct":45.94}}
,"/home/ec2-user/hq/workspace/worktrees/hq-sync/feedback-2129b0b6-dev6/src/desktop-alt/lib/marketplace.ts": {"lines":{"total":117,"covered":111,"skipped":0,"pct":94.87},"functions":{"total":45,"covered":42,"skipped":0,"pct":93.33},"statements":{"total":130,"covered":122,"skipped":0,"pct":93.84},"branches":{"total":136,"covered":115,"skipped":0,"pct":84.55}}
,"/home/ec2-user/hq/workspace/worktrees/hq-sync/feedback-2129b0b6-dev6/src/desktop-alt/lib/meetings-model.ts": {"lines":{"total":157,"covered":100,"skipped":0,"pct":63.69},"functions":{"total":43,"covered":31,"skipped":0,"pct":72.09},"statements":{"total":203,"covered":118,"skipped":0,"pct":58.12},"branches":{"total":225,"covered":97,"skipped":0,"pct":43.11}}
,"/home/ec2-user/hq/workspace/worktrees/hq-sync/feedback-2129b0b6-dev6/src/desktop-alt/lib/pack-covers.ts": {"lines":{"total":16,"covered":16,"skipped":0,"pct":100},"functions":{"total":3,"covered":3,"skipped":0,"pct":100},"statements":{"total":18,"covered":18,"skipped":0,"pct":100},"branches":{"total":12,"covered":11,"skipped":0,"pct":91.66}}
,"/home/ec2-user/hq/workspace/worktrees/hq-sync/feedback-2129b0b6-dev6/src/desktop-alt/lib/projects-model.ts": {"lines":{"total":123,"covered":81,"skipped":0,"pct":65.85},"functions":{"total":37,"covered":22,"skipped":0,"pct":59.45},"statements":{"total":144,"covered":98,"skipped":0,"pct":68.05},"branches":{"total":107,"covered":52,"skipped":0,"pct":48.59}}
,"/home/ec2-user/hq/workspace/worktrees/hq-sync/feedback-2129b0b6-dev6/src/desktop-alt/lib/sessions.ts": {"lines":{"total":106,"covered":99,"skipped":0,"pct":93.39},"functions":{"total":26,"covered":25,"skipped":0,"pct":96.15},"statements":{"total":130,"covered":119,"skipped":0,"pct":91.53},"branches":{"total":93,"covered":83,"skipped":0,"pct":89.24}}
,"/home/ec2-user/hq/workspace/worktrees/hq-sync/feedback-2129b0b6-dev6/src/desktop-alt/lib/sync-model.ts": {"lines":{"total":128,"covered":101,"skipped":0,"pct":78.9},"functions":{"total":21,"covered":17,"skipped":0,"pct":80.95},"statements":{"total":152,"covered":110,"skipped":0,"pct":72.36},"branches":{"total":212,"covered":146,"skipped":0,"pct":68.86}}
,"/home/ec2-user/hq/workspace/worktrees/hq-sync/feedback-2129b0b6-dev6/src/desktop-alt/v4/companies-model.ts": {"lines":{"total":53,"covered":53,"skipped":0,"pct":100},"functions":{"total":6,"covered":6,"skipped":0,"pct":100},"statements":{"total":55,"covered":54,"skipped":0,"pct":98.18},"branches":{"total":56,"covered":52,"skipped":0,"pct":92.85}}
,"/home/ec2-user/hq/workspace/worktrees/hq-sync/feedback-2129b0b6-dev6/src/desktop-alt/v4/home-model.ts": {"lines":{"total":134,"covered":134,"skipped":0,"pct":100},"functions":{"total":30,"covered":30,"skipped":0,"pct":100},"statements":{"total":156,"covered":152,"skipped":0,"pct":97.43},"branches":{"total":193,"covered":159,"skipped":0,"pct":82.38}}
,"/home/ec2-user/hq/workspace/worktrees/hq-sync/feedback-2129b0b6-dev6/src/desktop-alt/v4/model.ts": {"lines":{"total":38,"covered":37,"skipped":0,"pct":97.36},"functions":{"total":10,"covered":10,"skipped":0,"pct":100},"statements":{"total":46,"covered":45,"skipped":0,"pct":97.82},"branches":{"total":50,"covered":43,"skipped":0,"pct":86}}
,"/home/ec2-user/hq/workspace/worktrees/hq-sync/feedback-2129b0b6-dev6/src/lib/activeMeetings.ts": {"lines":{"total":110,"covered":65,"skipped":0,"pct":59.09},"functions":{"total":40,"covered":22,"skipped":0,"pct":55},"statements":{"total":131,"covered":75,"skipped":0,"pct":57.25},"branches":{"total":136,"covered":47,"skipped":0,"pct":34.55}}
,"/home/ec2-user/hq/workspace/worktrees/hq-sync/feedback-2129b0b6-dev6/src/lib/auth.ts": {"lines":{"total":1,"covered":1,"skipped":0,"pct":100},"functions":{"total":1,"covered":1,"skipped":0,"pct":100},"statements":{"total":1,"covered":1,"skipped":0,"pct":100},"branches":{"total":2,"covered":2,"skipped":0,"pct":100}}
,"/home/ec2-user/hq/workspace/worktrees/hq-sync/feedback-2129b0b6-dev6/src/lib/channels.ts": {"lines":{"total":62,"covered":62,"skipped":0,"pct":100},"functions":{"total":22,"covered":21,"skipped":0,"pct":95.45},"statements":{"total":80,"covered":77,"skipped":0,"pct":96.25},"branches":{"total":71,"covered":63,"skipped":0,"pct":88.73}}
,"/home/ec2-user/hq/workspace/worktrees/hq-sync/feedback-2129b0b6-dev6/src/lib/claude-code-link.ts": {"lines":{"total":3,"covered":3,"skipped":0,"pct":100},"functions":{"total":1,"covered":1,"skipped":0,"pct":100},"statements":{"total":4,"covered":4,"skipped":0,"pct":100},"branches":{"total":2,"covered":2,"skipped":0,"pct":100}}
,"/home/ec2-user/hq/workspace/worktrees/hq-sync/feedback-2129b0b6-dev6/src/lib/company-label.ts": {"lines":{"total":5,"covered":5,"skipped":0,"pct":100},"functions":{"total":2,"covered":2,"skipped":0,"pct":100},"statements":{"total":9,"covered":9,"skipped":0,"pct":100},"branches":{"total":10,"covered":10,"skipped":0,"pct":100}}
,"/home/ec2-user/hq/workspace/worktrees/hq-sync/feedback-2129b0b6-dev6/src/lib/conversation-copy.ts": {"lines":{"total":3,"covered":3,"skipped":0,"pct":100},"functions":{"total":1,"covered":1,"skipped":0,"pct":100},"statements":{"total":3,"covered":3,"skipped":0,"pct":100},"branches":{"total":4,"covered":4,"skipped":0,"pct":100}}
,"/home/ec2-user/hq/workspace/worktrees/hq-sync/feedback-2129b0b6-dev6/src/lib/copy-prompts.ts": {"lines":{"total":95,"covered":83,"skipped":0,"pct":87.36},"functions":{"total":34,"covered":20,"skipped":0,"pct":58.82},"statements":{"total":110,"covered":85,"skipped":0,"pct":77.27},"branches":{"total":99,"covered":76,"skipped":0,"pct":76.76}}
,"/home/ec2-user/hq/workspace/worktrees/hq-sync/feedback-2129b0b6-dev6/src/lib/dmRequests.ts": {"lines":{"total":10,"covered":10,"skipped":0,"pct":100},"functions":{"total":8,"covered":8,"skipped":0,"pct":100},"statements":{"total":14,"covered":14,"skipped":0,"pct":100},"branches":{"total":9,"covered":9,"skipped":0,"pct":100}}
,"/home/ec2-user/hq/workspace/worktrees/hq-sync/feedback-2129b0b6-dev6/src/lib/dmThread.ts": {"lines":{"total":2,"covered":2,"skipped":0,"pct":100},"functions":{"total":2,"covered":2,"skipped":0,"pct":100},"statements":{"total":4,"covered":4,"skipped":0,"pct":100},"branches":{"total":4,"covered":4,"skipped":0,"pct":100}}
,"/home/ec2-user/hq/workspace/worktrees/hq-sync/feedback-2129b0b6-dev6/src/lib/effective-total-files.ts": {"lines":{"total":1,"covered":1,"skipped":0,"pct":100},"functions":{"total":1,"covered":1,"skipped":0,"pct":100},"statements":{"total":1,"covered":1,"skipped":0,"pct":100},"branches":{"total":2,"covered":2,"skipped":0,"pct":100}}
,"/home/ec2-user/hq/workspace/worktrees/hq-sync/feedback-2129b0b6-dev6/src/lib/invite-errors.ts": {"lines":{"total":2,"covered":2,"skipped":0,"pct":100},"functions":{"total":1,"covered":1,"skipped":0,"pct":100},"statements":{"total":2,"covered":2,"skipped":0,"pct":100},"branches":{"total":4,"covered":4,"skipped":0,"pct":100}}
,"/home/ec2-user/hq/workspace/worktrees/hq-sync/feedback-2129b0b6-dev6/src/lib/live-progress-caption.ts": {"lines":{"total":11,"covered":11,"skipped":0,"pct":100},"functions":{"total":1,"covered":1,"skipped":0,"pct":100},"statements":{"total":11,"covered":11,"skipped":0,"pct":100},"branches":{"total":16,"covered":16,"skipped":0,"pct":100}}
,"/home/ec2-user/hq/workspace/worktrees/hq-sync/feedback-2129b0b6-dev6/src/lib/meetingAttribution.ts": {"lines":{"total":38,"covered":34,"skipped":0,"pct":89.47},"functions":{"total":14,"covered":11,"skipped":0,"pct":78.57},"statements":{"total":44,"covered":40,"skipped":0,"pct":90.9},"branches":{"total":58,"covered":50,"skipped":0,"pct":86.2}}
,"/home/ec2-user/hq/workspace/worktrees/hq-sync/feedback-2129b0b6-dev6/src/lib/meetingDetection.ts": {"lines":{"total":17,"covered":17,"skipped":0,"pct":100},"functions":{"total":2,"covered":2,"skipped":0,"pct":100},"statements":{"total":18,"covered":18,"skipped":0,"pct":100},"branches":{"total":34,"covered":29,"skipped":0,"pct":85.29}}
,"/home/ec2-user/hq/workspace/worktrees/hq-sync/feedback-2129b0b6-dev6/src/lib/meetingsCache.ts": {"lines":{"total":33,"covered":32,"skipped":0,"pct":96.96},"functions":{"total":7,"covered":7,"skipped":0,"pct":100},"statements":{"total":44,"covered":40,"skipped":0,"pct":90.9},"branches":{"total":26,"covered":23,"skipped":0,"pct":88.46}}
,"/home/ec2-user/hq/workspace/worktrees/hq-sync/feedback-2129b0b6-dev6/src/lib/notificationGroups.ts": {"lines":{"total":39,"covered":36,"skipped":0,"pct":92.3},"functions":{"total":5,"covered":5,"skipped":0,"pct":100},"statements":{"total":42,"covered":38,"skipped":0,"pct":90.47},"branches":{"total":26,"covered":20,"skipped":0,"pct":76.92}}
,"/home/ec2-user/hq/workspace/worktrees/hq-sync/feedback-2129b0b6-dev6/src/lib/packages.ts": {"lines":{"total":13,"covered":12,"skipped":0,"pct":92.3},"functions":{"total":3,"covered":3,"skipped":0,"pct":100},"statements":{"total":17,"covered":16,"skipped":0,"pct":94.11},"branches":{"total":18,"covered":17,"skipped":0,"pct":94.44}}
,"/home/ec2-user/hq/workspace/worktrees/hq-sync/feedback-2129b0b6-dev6/src/lib/popover-refresh.ts": {"lines":{"total":3,"covered":3,"skipped":0,"pct":100},"functions":{"total":1,"covered":1,"skipped":0,"pct":100},"statements":{"total":3,"covered":3,"skipped":0,"pct":100},"branches":{"total":0,"covered":0,"skipped":0,"pct":100}}
,"/home/ec2-user/hq/workspace/worktrees/hq-sync/feedback-2129b0b6-dev6/src/lib/progressLabel.ts": {"lines":{"total":6,"covered":6,"skipped":0,"pct":100},"functions":{"total":2,"covered":2,"skipped":0,"pct":100},"statements":{"total":8,"covered":8,"skipped":0,"pct":100},"branches":{"total":9,"covered":9,"skipped":0,"pct":100}}
,"/home/ec2-user/hq/workspace/worktrees/hq-sync/feedback-2129b0b6-dev6/src/lib/reactions.ts": {"lines":{"total":36,"covered":36,"skipped":0,"pct":100},"functions":{"total":15,"covered":15,"skipped":0,"pct":100},"statements":{"total":41,"covered":41,"skipped":0,"pct":100},"branches":{"total":28,"covered":24,"skipped":0,"pct":85.71}}
,"/home/ec2-user/hq/workspace/worktrees/hq-sync/feedback-2129b0b6-dev6/src/lib/recipientPicker.ts": {"lines":{"total":40,"covered":40,"skipped":0,"pct":100},"functions":{"total":11,"covered":11,"skipped":0,"pct":100},"statements":{"total":47,"covered":46,"skipped":0,"pct":97.87},"branches":{"total":50,"covered":38,"skipped":0,"pct":76}}
,"/home/ec2-user/hq/workspace/worktrees/hq-sync/feedback-2129b0b6-dev6/src/lib/recordingCompany.ts": {"lines":{"total":4,"covered":4,"skipped":0,"pct":100},"functions":{"total":6,"covered":6,"skipped":0,"pct":100},"statements":{"total":6,"covered":6,"skipped":0,"pct":100},"branches":{"total":14,"covered":14,"skipped":0,"pct":100}}
,"/home/ec2-user/hq/workspace/worktrees/hq-sync/feedback-2129b0b6-dev6/src/lib/share-path.ts": {"lines":{"total":6,"covered":6,"skipped":0,"pct":100},"functions":{"total":1,"covered":1,"skipped":0,"pct":100},"statements":{"total":7,"covered":7,"skipped":0,"pct":100},"branches":{"total":4,"covered":4,"skipped":0,"pct":100}}
,"/home/ec2-user/hq/workspace/worktrees/hq-sync/feedback-2129b0b6-dev6/src/lib/stopWatchdog.ts": {"lines":{"total":15,"covered":15,"skipped":0,"pct":100},"functions":{"total":5,"covered":5,"skipped":0,"pct":100},"statements":{"total":16,"covered":16,"skipped":0,"pct":100},"branches":{"total":5,"covered":5,"skipped":0,"pct":100}}
,"/home/ec2-user/hq/workspace/worktrees/hq-sync/feedback-2129b0b6-dev6/src/lib/transfer-count.ts": {"lines":{"total":4,"covered":4,"skipped":0,"pct":100},"functions":{"total":1,"covered":1,"skipped":0,"pct":100},"statements":{"total":4,"covered":4,"skipped":0,"pct":100},"branches":{"total":3,"covered":3,"skipped":0,"pct":100}}
,"/home/ec2-user/hq/workspace/worktrees/hq-sync/feedback-2129b0b6-dev6/src/lib/transient-sync-error.ts": {"lines":{"total":2,"covered":2,"skipped":0,"pct":100},"functions":{"total":1,"covered":1,"skipped":0,"pct":100},"statements":{"total":2,"covered":2,"skipped":0,"pct":100},"branches":{"total":2,"covered":2,"skipped":0,"pct":100}}
,"/home/ec2-user/hq/workspace/worktrees/hq-sync/feedback-2129b0b6-dev6/src/lib/workspaces.ts": {"lines":{"total":8,"covered":8,"skipped":0,"pct":100},"functions":{"total":4,"covered":4,"skipped":0,"pct":100},"statements":{"total":9,"covered":9,"skipped":0,"pct":100},"branches":{"total":5,"covered":5,"skipped":0,"pct":100}}
,"/home/ec2-user/hq/workspace/worktrees/hq-sync/feedback-2129b0b6-dev6/src/lib/crm/account-view-model.ts": {"lines":{"total":98,"covered":96,"skipped":0,"pct":97.95},"functions":{"total":23,"covered":23,"skipped":0,"pct":100},"statements":{"total":119,"covered":115,"skipped":0,"pct":96.63},"branches":{"total":109,"covered":98,"skipped":0,"pct":89.9}}
}
